<?xml version="1.0" encoding="UTF-8"?>
<!-- Generated by org.testng.reporters.JUnitReportReporter -->
<testsuite hostname="LAPTOP-0TBQ5RM1" name="com.one.MainPageTest" tests="1" failures="0" timestamp="29 May 2022 20:48:01 GMT" time="0.325" errors="0">
  <testcase name="verifyProducts_sortByPrice" time="0.325" classname="com.one.MainPageTest"/>
</testsuite> <!-- com.one.MainPageTest -->
