<?xml version="1.0" encoding="UTF-8"?>
<!-- Generated by org.testng.reporters.JUnitReportReporter -->
<testsuite hostname="LAPTOP-0TBQ5RM1" name="com.one.LoginTest" tests="10" failures="0" timestamp="29 May 2022 20:47:26 GMT" time="1.438" errors="0">
  <testcase name="verifyLoginLogout" time="0.272" classname="com.one.LoginTest"/>
  <testcase name="verifyLoginLogout" time="0.212" classname="com.one.LoginTest"/>
  <testcase name="verifyLoginFails" time="0.047" classname="com.one.LoginTest"/>
  <testcase name="verifyLoginmissingPassword" time="0.040" classname="com.one.LoginTest"/>
  <testcase name="verifyLoginmissingUserName" time="0.052" classname="com.one.LoginTest"/>
  <testcase name="verifyLogin" time="0.050" classname="com.one.LoginTest"/>
  <testcase name="verifyLoginPageElements" time="0.615" classname="com.one.LoginTest"/>
  <testcase name="verifyLogin" time="0.063" classname="com.one.LoginTest"/>
  <testcase name="verifyLoginFails" time="0.041" classname="com.one.LoginTest"/>
  <testcase name="verifyLogin" time="0.046" classname="com.one.LoginTest"/>
</testsuite> <!-- com.one.LoginTest -->
